2025-12-06 13:23:07,409 - DEBUG - matplotlib data path: C:\Users\syedm\AppData\Local\Programs\Python\Python310\lib\site-packages\matplotlib\mpl-data
2025-12-06 13:23:07,426 - DEBUG - CONFIGDIR=C:\Users\syedm\.matplotlib
2025-12-06 13:23:07,428 - DEBUG - interactive is False
2025-12-06 13:23:07,428 - DEBUG - platform is win32
2025-12-06 13:23:07,493 - DEBUG - CACHEDIR=C:\Users\syedm\.matplotlib
2025-12-06 13:23:07,507 - DEBUG - Using fontManager instance from C:\Users\syedm\.matplotlib\fontlist-v330.json
2025-12-06 13:23:08,132 - WARNING - websocket connected
2025-12-06 13:23:14,729 - ERROR -  - goodbye
2025-12-06 13:24:49,561 - DEBUG - matplotlib data path: C:\Users\syedm\AppData\Local\Programs\Python\Python310\lib\site-packages\matplotlib\mpl-data
2025-12-06 13:24:49,568 - DEBUG - CONFIGDIR=C:\Users\syedm\.matplotlib
2025-12-06 13:24:49,569 - DEBUG - interactive is False
2025-12-06 13:24:49,569 - DEBUG - platform is win32
2025-12-06 13:24:49,631 - DEBUG - CACHEDIR=C:\Users\syedm\.matplotlib
2025-12-06 13:24:49,634 - DEBUG - Using fontManager instance from C:\Users\syedm\.matplotlib\fontlist-v330.json
2025-12-06 13:24:49,831 - WARNING - websocket connected
2025-12-06 13:24:53,268 - ERROR -  - goodbye
2025-12-06 13:26:35,566 - DEBUG - matplotlib data path: C:\Users\syedm\AppData\Local\Programs\Python\Python310\lib\site-packages\matplotlib\mpl-data
2025-12-06 13:26:35,571 - DEBUG - CONFIGDIR=C:\Users\syedm\.matplotlib
2025-12-06 13:26:35,572 - DEBUG - interactive is False
2025-12-06 13:26:35,572 - DEBUG - platform is win32
2025-12-06 13:26:35,628 - DEBUG - CACHEDIR=C:\Users\syedm\.matplotlib
2025-12-06 13:26:35,631 - DEBUG - Using fontManager instance from C:\Users\syedm\.matplotlib\fontlist-v330.json
2025-12-06 13:26:35,824 - WARNING - websocket connected
2025-12-06 13:26:41,309 - ERROR -  - goodbye
2025-12-06 13:32:46,971 - DEBUG - matplotlib data path: C:\Users\syedm\AppData\Local\Programs\Python\Python310\lib\site-packages\matplotlib\mpl-data
2025-12-06 13:32:46,976 - DEBUG - CONFIGDIR=C:\Users\syedm\.matplotlib
2025-12-06 13:32:46,977 - DEBUG - interactive is False
2025-12-06 13:32:46,977 - DEBUG - platform is win32
2025-12-06 13:32:47,036 - DEBUG - CACHEDIR=C:\Users\syedm\.matplotlib
2025-12-06 13:32:47,039 - DEBUG - Using fontManager instance from C:\Users\syedm\.matplotlib\fontlist-v330.json
2025-12-06 13:32:47,220 - WARNING - websocket connected
2025-12-06 13:33:03,996 - ERROR -  - goodbye
2025-12-06 13:33:48,430 - DEBUG - matplotlib data path: C:\Users\syedm\AppData\Local\Programs\Python\Python310\lib\site-packages\matplotlib\mpl-data
2025-12-06 13:33:48,436 - DEBUG - CONFIGDIR=C:\Users\syedm\.matplotlib
2025-12-06 13:33:48,437 - DEBUG - interactive is False
2025-12-06 13:33:48,437 - DEBUG - platform is win32
2025-12-06 13:33:48,494 - DEBUG - CACHEDIR=C:\Users\syedm\.matplotlib
2025-12-06 13:33:48,497 - DEBUG - Using fontManager instance from C:\Users\syedm\.matplotlib\fontlist-v330.json
2025-12-06 13:33:48,690 - WARNING - websocket connected
2025-12-06 13:33:51,893 - ERROR -  - goodbye
2025-12-06 13:35:11,313 - DEBUG - matplotlib data path: C:\Users\syedm\AppData\Local\Programs\Python\Python310\lib\site-packages\matplotlib\mpl-data
2025-12-06 13:35:11,318 - DEBUG - CONFIGDIR=C:\Users\syedm\.matplotlib
2025-12-06 13:35:11,319 - DEBUG - interactive is False
2025-12-06 13:35:11,319 - DEBUG - platform is win32
2025-12-06 13:35:11,377 - DEBUG - CACHEDIR=C:\Users\syedm\.matplotlib
2025-12-06 13:35:11,380 - DEBUG - Using fontManager instance from C:\Users\syedm\.matplotlib\fontlist-v330.json
2025-12-06 13:35:11,558 - WARNING - websocket connected
2025-12-06 13:35:14,462 - ERROR -  - goodbye
2025-12-06 13:38:29,849 - DEBUG - matplotlib data path: C:\Users\syedm\AppData\Local\Programs\Python\Python310\lib\site-packages\matplotlib\mpl-data
2025-12-06 13:38:29,854 - DEBUG - CONFIGDIR=C:\Users\syedm\.matplotlib
2025-12-06 13:38:29,855 - DEBUG - interactive is False
2025-12-06 13:38:29,855 - DEBUG - platform is win32
2025-12-06 13:38:29,912 - DEBUG - CACHEDIR=C:\Users\syedm\.matplotlib
2025-12-06 13:38:29,915 - DEBUG - Using fontManager instance from C:\Users\syedm\.matplotlib\fontlist-v330.json
2025-12-06 13:38:30,091 - WARNING - websocket connected
2025-12-06 13:38:59,125 - ERROR -  - goodbye
2025-12-06 13:41:01,189 - DEBUG - matplotlib data path: C:\Users\syedm\AppData\Local\Programs\Python\Python310\lib\site-packages\matplotlib\mpl-data
2025-12-06 13:41:01,194 - DEBUG - CONFIGDIR=C:\Users\syedm\.matplotlib
2025-12-06 13:41:01,195 - DEBUG - interactive is False
2025-12-06 13:41:01,196 - DEBUG - platform is win32
2025-12-06 13:41:01,252 - DEBUG - CACHEDIR=C:\Users\syedm\.matplotlib
2025-12-06 13:41:01,254 - DEBUG - Using fontManager instance from C:\Users\syedm\.matplotlib\fontlist-v330.json
2025-12-06 13:41:01,432 - WARNING - websocket connected
2025-12-06 13:41:47,731 - ERROR -  - goodbye
2025-12-06 13:43:34,348 - DEBUG - matplotlib data path: C:\Users\syedm\AppData\Local\Programs\Python\Python310\lib\site-packages\matplotlib\mpl-data
2025-12-06 13:43:34,351 - DEBUG - CONFIGDIR=C:\Users\syedm\.matplotlib
2025-12-06 13:43:34,353 - DEBUG - interactive is False
2025-12-06 13:43:34,353 - DEBUG - platform is win32
2025-12-06 13:43:34,406 - DEBUG - CACHEDIR=C:\Users\syedm\.matplotlib
2025-12-06 13:43:34,409 - DEBUG - Using fontManager instance from C:\Users\syedm\.matplotlib\fontlist-v330.json
2025-12-06 13:43:34,580 - WARNING - websocket connected
2025-12-06 13:43:44,108 - ERROR -  - goodbye
